{
  "stats": {
    "suites": 1,
    "tests": 7,
    "passes": 7,
    "pending": 0,
    "failures": 0,
    "start": "2020-06-14T17:32:10.349Z",
    "end": "2020-06-14T17:32:15.363Z",
    "duration": 5014,
    "testsRegistered": 7,
    "passPercent": 100,
    "pendingPercent": 0,
    "other": 0,
    "hasOther": false,
    "skipped": 0,
    "hasSkipped": false
  },
  "results": [
    {
      "uuid": "8c70c9e7-3a03-4ff1-9a78-340c5e8dab06",
      "title": "",
      "fullFile": "cypress/integration/backend-auth.spec.js",
      "file": "cypress/integration/backend-auth.spec.js",
      "beforeHooks": [],
      "afterHooks": [],
      "tests": [],
      "suites": [
        {
          "uuid": "85563cc2-0fe3-41a9-9e67-6bbe818b6dbd",
          "title": "testing auth",
          "fullFile": "",
          "file": "",
          "beforeHooks": [],
          "afterHooks": [],
          "tests": [
            {
              "title": "test case 1, not using helpers",
              "fullTitle": "testing auth test case 1, not using helpers",
              "timedOut": null,
              "duration": 725,
              "state": "passed",
              "speed": "slow",
              "pass": true,
              "fail": false,
              "pending": false,
              "context": null,
              "code": "cy.authenticateSession().then(function (response) {\n  cy.request({\n    method: \"GET\",\n    url: 'http://localhost:3000/api/clients',\n    headers: {\n      'X-User-Auth': JSON.stringify(Cypress.env().loginToken),\n      'Content-Type': 'application/json'\n    }\n  }).then(function (response) {\n    cy.log(response.body[0].id);\n    cy.log(response.body[0].created);\n    cy.log(response.body[0].name);\n    cy.log(response.body[0].email);\n    cy.log(response.body[0].telephone);\n    cy.logoutuser();\n  });\n});",
              "err": {},
              "uuid": "1f26ce14-92d7-4580-b2c0-1940a6e9d89a",
              "parentUUID": "85563cc2-0fe3-41a9-9e67-6bbe818b6dbd",
              "isHook": false,
              "skipped": false
            },
            {
              "title": "Create a new client",
              "fullTitle": "testing auth Create a new client",
              "timedOut": null,
              "duration": 617,
              "state": "passed",
              "speed": "slow",
              "pass": true,
              "fail": false,
              "pending": false,
              "context": null,
              "code": "clientHelpers.createClient(cy), cy.logoutuser();",
              "err": {},
              "uuid": "c3260a36-e693-4f53-a982-7c081e86f253",
              "parentUUID": "85563cc2-0fe3-41a9-9e67-6bbe818b6dbd",
              "isHook": false,
              "skipped": false
            },
            {
              "title": "Get clients",
              "fullTitle": "testing auth Get clients",
              "timedOut": null,
              "duration": 548,
              "state": "passed",
              "speed": "slow",
              "pass": true,
              "fail": false,
              "pending": false,
              "context": null,
              "code": "clientHelpers.getClients(cy), cy.logoutuser();",
              "err": {},
              "uuid": "d80616eb-9603-44d9-859f-ad4f26d85507",
              "parentUUID": "85563cc2-0fe3-41a9-9e67-6bbe818b6dbd",
              "isHook": false,
              "skipped": false
            },
            {
              "title": "Create client and delete",
              "fullTitle": "testing auth Create client and delete",
              "timedOut": null,
              "duration": 670,
              "state": "passed",
              "speed": "slow",
              "pass": true,
              "fail": false,
              "pending": false,
              "context": null,
              "code": "clientHelpers.createClientRequestAndDelete(cy), cy.logoutuser();",
              "err": {},
              "uuid": "09ec4198-19a8-405e-8959-ced2c0dfff6a",
              "parentUUID": "85563cc2-0fe3-41a9-9e67-6bbe818b6dbd",
              "isHook": false,
              "skipped": false
            },
            {
              "title": "Get rooms",
              "fullTitle": "testing auth Get rooms",
              "timedOut": null,
              "duration": 617,
              "state": "passed",
              "speed": "slow",
              "pass": true,
              "fail": false,
              "pending": false,
              "context": null,
              "code": "roomHelpers.getRooms(cy), cy.logoutuser();",
              "err": {},
              "uuid": "b50fcf41-2e9d-4f88-9822-39d0a3870919",
              "parentUUID": "85563cc2-0fe3-41a9-9e67-6bbe818b6dbd",
              "isHook": false,
              "skipped": false
            },
            {
              "title": "Create a new room",
              "fullTitle": "testing auth Create a new room",
              "timedOut": null,
              "duration": 606,
              "state": "passed",
              "speed": "slow",
              "pass": true,
              "fail": false,
              "pending": false,
              "context": null,
              "code": "roomHelpers.createRoom(cy), cy.logoutuser();",
              "err": {},
              "uuid": "3860a400-37cb-4b07-b887-162067a0709b",
              "parentUUID": "85563cc2-0fe3-41a9-9e67-6bbe818b6dbd",
              "isHook": false,
              "skipped": false
            },
            {
              "title": "Delete last created room after get",
              "fullTitle": "testing auth Delete last created room after get",
              "timedOut": null,
              "duration": 1159,
              "state": "passed",
              "speed": "slow",
              "pass": true,
              "fail": false,
              "pending": false,
              "context": null,
              "code": "roomHelpers.createRoom(cy), roomHelpers.deleteLastCreatedRoomAfterGet(cy), cy.logoutuser();",
              "err": {},
              "uuid": "b1f92eed-cd7f-4650-93cd-d1c34476252f",
              "parentUUID": "85563cc2-0fe3-41a9-9e67-6bbe818b6dbd",
              "isHook": false,
              "skipped": false
            }
          ],
          "suites": [],
          "passes": [
            "1f26ce14-92d7-4580-b2c0-1940a6e9d89a",
            "c3260a36-e693-4f53-a982-7c081e86f253",
            "d80616eb-9603-44d9-859f-ad4f26d85507",
            "09ec4198-19a8-405e-8959-ced2c0dfff6a",
            "b50fcf41-2e9d-4f88-9822-39d0a3870919",
            "3860a400-37cb-4b07-b887-162067a0709b",
            "b1f92eed-cd7f-4650-93cd-d1c34476252f"
          ],
          "failures": [],
          "pending": [],
          "skipped": [],
          "duration": 4942,
          "root": false,
          "rootEmpty": false,
          "_timeout": 2000
        }
      ],
      "passes": [],
      "failures": [],
      "pending": [],
      "skipped": [],
      "duration": 0,
      "root": true,
      "rootEmpty": true,
      "_timeout": 2000
    }
  ],
  "meta": {
    "mocha": {
      "version": "7.0.1"
    },
    "mochawesome": {
      "options": {
        "quiet": false,
        "reportFilename": "mochawesome",
        "saveHtml": true,
        "saveJson": true,
        "consoleReporter": "spec",
        "useInlineDiffs": false,
        "code": true
      },
      "version": "6.1.1"
    },
    "marge": {
      "options": {},
      "version": "5.1.0"
    }
  }
}